<?xml version="1.0" encoding="UTF-8"?>
<!-- Generated by org.testng.reporters.JUnitXMLReporter -->
<testsuite ignored="0" hostname="Shadow" failures="0" tests="14" name="Surefire test" time="35.053" errors="0" timestamp="2021-07-02T15:04:26 IST">
  <testcase classname="testcases.CarInsuranceErrorMessageTest" name="clickCarInsuranceTest" time="1.187"/>
  <testcase classname="testcases.CarInsuranceErrorMessageTest" name="clickProceedButtonTest" time="0.96"/>
  <testcase classname="testcases.CarInsuranceErrorMessageTest" name="selectCityTest" time="0.382"/>
  <testcase classname="testcases.CarInsuranceErrorMessageTest" name="selectCarBrandTest" time="0.447"/>
  <testcase classname="testcases.CarInsuranceErrorMessageTest" name="selectCarModelTest" time="0.339"/>
  <testcase classname="testcases.CarInsuranceErrorMessageTest" name="chooseFuelTypeTest" time="0.373"/>
  <testcase classname="testcases.CarInsuranceErrorMessageTest" name="selectCarVariantTest" time="0.313"/>
  <testcase classname="testcases.CarInsuranceErrorMessageTest" name="selectYearTest" time="0.193"/>
  <testcase classname="testcases.CarInsuranceErrorMessageTest" name="fillDetailsTest" time="0.102"/>
  <testcase classname="testcases.CarInsuranceErrorMessageTest" name="takeScreenshotTest" time="1.578"/>
  <testcase classname="testcases.CarInsuranceErrorMessageTest" name="nullvalue" time="5.483"/>
  <testcase classname="testcases.HealthInsuranceMenuItemsTest" name="listValuesTest" time="2.032"/>
  <testcase classname="testcases.TravelInsuranceDetailsTest" name="homePageTitle" time="2.889"/>
  <testcase classname="testcases.TravelInsuranceDetailsTest" name="getStudentTravelInsurance" time="12.63"/>
</testsuite> <!-- Surefire test -->
